<?xml version="1.0" encoding="UTF-8"?>
<!-- Generated by org.testng.reporters.JUnitXMLReporter -->
<testsuite ignored="0" hostname="Desktop-Zalman" failures="0" tests="6" name="Surefire test" time="47.632" errors="0" timestamp="2024-09-25T01:39:19 CEST">
  <testcase classname="com.bcahungary.acme.LoginTest" name="testLogin" time="4.138"/>
  <testcase classname="com.bcahungary.acme.LogoutTest" name="testLogout" time="2.11"/>
  <testcase classname="com.bcahungary.acme.WebsiteLoadTest" name="testWebsiteLoad" time="1.497"/>
  <testcase classname="com.bcahungary.acme.WorkItemTest" name="testWorkItemsList" time="21.454"/>
  <testcase classname="com.bcahungary.acme.WorkItemTest" name="testMoreThan13WorkItems" time="0.001"/>
  <testcase classname="com.bcahungary.acme.WorkItemTest" name="testWriteWorkItemsToFile" time="0.005"/>
</testsuite> <!-- Surefire test -->
